Downloaded data for AAPL:
                                 Open        High  ...  Dividends  Stock Splits
Date                                               ...                         
2024-08-09 00:00:00-04:00  212.100006  216.779999  ...        0.0           0.0

[1 rows x 7 columns]
Processed data summary:
             Open        High         Low  ...      Volume  Dividends  Stock Splits
count    1.000000    1.000000    1.000000  ...         1.0        1.0           1.0
mean   212.100006  216.779999  211.970001  ...  42171700.0        0.0           0.0
std           NaN         NaN         NaN  ...         NaN        NaN           NaN
min    212.100006  216.779999  211.970001  ...  42171700.0        0.0           0.0
25%    212.100006  216.779999  211.970001  ...  42171700.0        0.0           0.0
50%    212.100006  216.779999  211.970001  ...  42171700.0        0.0           0.0
75%    212.100006  216.779999  211.970001  ...  42171700.0        0.0           0.0
max    212.100006  216.779999  211.970001  ...  42171700.0        0.0           0.0

[8 rows x 7 columns]
From Email: subhgogoi@outlook.com
Email sent to subhgogoi@gmail.com
ASIANPAINT: No data found, symbol may be delisted
Downloaded data for ASIANPAINT:
Empty DataFrame
Columns: [Open, High, Low, Close, Adj Close, Volume]
Index: []
Processed data summary:
       Open  High  Low  Close  Adj Close  Volume
count   0.0   0.0  0.0    0.0        0.0     0.0
mean    NaN   NaN  NaN    NaN        NaN     NaN
std     NaN   NaN  NaN    NaN        NaN     NaN
min     NaN   NaN  NaN    NaN        NaN     NaN
25%     NaN   NaN  NaN    NaN        NaN     NaN
50%     NaN   NaN  NaN    NaN        NaN     NaN
75%     NaN   NaN  NaN    NaN        NaN     NaN
max     NaN   NaN  NaN    NaN        NaN     NaN
From Email: subhgogoi@outlook.com
Email sent to konwarabhinayan@gmail.com
Downloaded data for GOOGL:
                                 Open        High  ...  Dividends  Stock Splits
Date                                               ...                         
2024-08-13 00:00:00-04:00  163.509995  164.729996  ...        0.0           0.0

[1 rows x 7 columns]
Processed data summary:
             Open        High         Low  ...     Volume  Dividends  Stock Splits
count    1.000000    1.000000    1.000000  ...        1.0        1.0           1.0
mean   163.509995  164.729996  162.970001  ...  4101265.0        0.0           0.0
std           NaN         NaN         NaN  ...        NaN        NaN           NaN
min    163.509995  164.729996  162.970001  ...  4101265.0        0.0           0.0
25%    163.509995  164.729996  162.970001  ...  4101265.0        0.0           0.0
50%    163.509995  164.729996  162.970001  ...  4101265.0        0.0           0.0
75%    163.509995  164.729996  162.970001  ...  4101265.0        0.0           0.0
max    163.509995  164.729996  162.970001  ...  4101265.0        0.0           0.0

[8 rows x 7 columns]
From Email: subhgogoi@outlook.com
Email sent to konwarabhinayan@gmail.com
Downloaded data for GOOGL:
                                 Open        High  ...  Dividends  Stock Splits
Date                                               ...                         
2024-08-13 00:00:00-04:00  163.509995  164.729996  ...        0.0           0.0

[1 rows x 7 columns]
Processed data summary:
             Open        High         Low  ...     Volume  Dividends  Stock Splits
count    1.000000    1.000000    1.000000  ...        1.0        1.0           1.0
mean   163.509995  164.729996  162.970001  ...  4757273.0        0.0           0.0
std           NaN         NaN         NaN  ...        NaN        NaN           NaN
min    163.509995  164.729996  162.970001  ...  4757273.0        0.0           0.0
25%    163.509995  164.729996  162.970001  ...  4757273.0        0.0           0.0
50%    163.509995  164.729996  162.970001  ...  4757273.0        0.0           0.0
75%    163.509995  164.729996  162.970001  ...  4757273.0        0.0           0.0
max    163.509995  164.729996  162.970001  ...  4757273.0        0.0           0.0

[8 rows x 7 columns]
From Email: subhgogoi@outlook.com
Email sent to subhgogoi@gmail.com
